<?xml version="1.0" encoding="UTF-8"?>
<testsuite name="com.example.hideoutshop.controller.ProductControllerTest" tests="1" skipped="0" failures="0" errors="0" timestamp="2023-09-09T14:51:50" hostname="lees-MacBook-Pro.local" time="0.024">
  <properties/>
  <testcase name="setting()" classname="com.example.hideoutshop.controller.ProductControllerTest" time="0.024"/>
  <system-out><![CDATA[]]></system-out>
  <system-err><![CDATA[]]></system-err>
</testsuite>
